<?xml version="1.0" encoding="UTF-8"?>
<testng-results ignored="0" total="2" passed="2" failed="0" skipped="0">
  <reporter-output>
  </reporter-output>
  <suite started-at="2022-08-22T11:59:05Z" name="Default suite" finished-at="2022-08-22T11:59:05Z" duration-ms="47">
    <groups>
    </groups>
    <test started-at="2022-08-22T11:59:05Z" name="Default test" finished-at="2022-08-22T11:59:05Z" duration-ms="47">
      <class name="TestVagrant.test.IplTeamProgram">
        <test-method signature="teamHasOnly4ForienPlayer()[pri:1, instance:TestVagrant.test.IplTeamProgram@449a4f23]" started-at="2022-08-22T17:29:05Z" name="teamHasOnly4ForienPlayer" finished-at="2022-08-22T17:29:05Z" duration-ms="24" status="PASS">
          <reporter-output>
          </reporter-output>
        </test-method> <!-- teamHasOnly4ForienPlayer -->
        <test-method signature="AtLeastOneWicketKeeper()[pri:2, instance:TestVagrant.test.IplTeamProgram@449a4f23]" started-at="2022-08-22T17:29:05Z" name="AtLeastOneWicketKeeper" finished-at="2022-08-22T17:29:05Z" duration-ms="1" status="PASS">
          <reporter-output>
          </reporter-output>
        </test-method> <!-- AtLeastOneWicketKeeper -->
      </class> <!-- TestVagrant.test.IplTeamProgram -->
    </test> <!-- Default test -->
  </suite> <!-- Default suite -->
</testng-results>
